<?xml version="1.0" encoding="UTF-8"?>
<!-- Generated by org.testng.reporters.JUnitReportReporter -->
<testsuite hostname="Kirans-MacBook-Air.local" failures="0" tests="4" name="api.test.UserTests2" time="2.136" errors="0" timestamp="2024-04-15T11:40:21 MDT" skipped="0">
  <testcase classname="api.test.UserTests2" name="createuser" time="0.384"/>
  <testcase classname="api.test.UserTests2" name="getUserByName" time="0.351"/>
  <testcase classname="api.test.UserTests2" name="updateUserByName" time="0.707"/>
  <testcase classname="api.test.UserTests2" name="deleteUserByName" time="0.694"/>
</testsuite> <!-- api.test.UserTests2 -->
