<?xml version="1.0" encoding="UTF-8"?>
<!-- Generated by org.testng.reporters.JUnitReportReporter -->
<testsuite hostname="Kirans-MacBook-Air.local" failures="0" tests="4" name="api.test.UserTests" time="2.931" errors="0" timestamp="2024-04-15T13:07:23 MDT" skipped="0">
  <testcase classname="api.test.UserTests" name="createuser" time="1.245"/>
  <testcase classname="api.test.UserTests" name="getUserByName" time="0.332"/>
  <testcase classname="api.test.UserTests" name="updateUserByName" time="0.668"/>
  <testcase classname="api.test.UserTests" name="deleteUserByName" time="0.686"/>
</testsuite> <!-- api.test.UserTests -->
